2024-10-20 20:31:55,210 - WARNING - Retrying (Retry(total=2, connect=None, read=None, redirect=None, status=None)) after connection broken by 'ReadTimeoutError("HTTPConnectionPool(host='localhost', port=11434): Read timed out. (read timeout=15)")': /api/generate
2024-10-20 20:32:12,228 - WARNING - Retrying (Retry(total=1, connect=None, read=None, redirect=None, status=None)) after connection broken by 'ReadTimeoutError("HTTPConnectionPool(host='localhost', port=11434): Read timed out. (read timeout=15)")': /api/generate
2024-10-20 20:38:52,446 - WARNING - Retrying (Retry(total=2, connect=None, read=None, redirect=None, status=None)) after connection broken by 'ReadTimeoutError("HTTPConnectionPool(host='localhost', port=11434): Read timed out. (read timeout=15)")': /api/generate
2024-10-20 20:39:09,465 - WARNING - Retrying (Retry(total=1, connect=None, read=None, redirect=None, status=None)) after connection broken by 'ReadTimeoutError("HTTPConnectionPool(host='localhost', port=11434): Read timed out. (read timeout=15)")': /api/generate
2024-10-20 20:39:28,486 - WARNING - Retrying (Retry(total=0, connect=None, read=None, redirect=None, status=None)) after connection broken by 'ReadTimeoutError("HTTPConnectionPool(host='localhost', port=11434): Read timed out. (read timeout=15)")': /api/generate
2024-10-20 20:39:47,908 - WARNING - Retrying (Retry(total=2, connect=None, read=None, redirect=None, status=None)) after connection broken by 'ReadTimeoutError("HTTPConnectionPool(host='localhost', port=11434): Read timed out. (read timeout=15)")': /api/generate
2024-10-20 20:39:48,622 - WARNING - Retrying (Retry(total=2, connect=None, read=None, redirect=None, status=None)) after connection broken by 'ReadTimeoutError("HTTPConnectionPool(host='localhost', port=11434): Read timed out. (read timeout=15)")': /api/generate
2024-10-20 20:40:04,927 - WARNING - Retrying (Retry(total=1, connect=None, read=None, redirect=None, status=None)) after connection broken by 'ReadTimeoutError("HTTPConnectionPool(host='localhost', port=11434): Read timed out. (read timeout=15)")': /api/generate
2024-10-20 20:40:05,642 - WARNING - Retrying (Retry(total=1, connect=None, read=None, redirect=None, status=None)) after connection broken by 'ReadTimeoutError("HTTPConnectionPool(host='localhost', port=11434): Read timed out. (read timeout=15)")': /api/generate
2024-10-20 20:40:23,894 - WARNING - Retrying (Retry(total=2, connect=None, read=None, redirect=None, status=None)) after connection broken by 'ReadTimeoutError("HTTPConnectionPool(host='localhost', port=11434): Read timed out. (read timeout=15)")': /api/generate
2024-10-20 20:40:23,947 - WARNING - Retrying (Retry(total=0, connect=None, read=None, redirect=None, status=None)) after connection broken by 'ReadTimeoutError("HTTPConnectionPool(host='localhost', port=11434): Read timed out. (read timeout=15)")': /api/generate
2024-10-20 20:40:24,663 - WARNING - Retrying (Retry(total=0, connect=None, read=None, redirect=None, status=None)) after connection broken by 'ReadTimeoutError("HTTPConnectionPool(host='localhost', port=11434): Read timed out. (read timeout=15)")': /api/generate
2024-10-20 20:40:57,186 - WARNING - Retrying (Retry(total=2, connect=None, read=None, redirect=None, status=None)) after connection broken by 'ReadTimeoutError("HTTPConnectionPool(host='localhost', port=11434): Read timed out. (read timeout=15)")': /api/generate
2024-10-20 20:41:14,205 - WARNING - Retrying (Retry(total=1, connect=None, read=None, redirect=None, status=None)) after connection broken by 'ReadTimeoutError("HTTPConnectionPool(host='localhost', port=11434): Read timed out. (read timeout=15)")': /api/generate
2024-10-20 20:41:28,182 - WARNING - Retrying (Retry(total=2, connect=None, read=None, redirect=None, status=None)) after connection broken by 'ReadTimeoutError("HTTPConnectionPool(host='localhost', port=11434): Read timed out. (read timeout=15)")': /api/generate
2024-10-20 20:41:33,225 - WARNING - Retrying (Retry(total=0, connect=None, read=None, redirect=None, status=None)) after connection broken by 'ReadTimeoutError("HTTPConnectionPool(host='localhost', port=11434): Read timed out. (read timeout=15)")': /api/generate
2024-10-20 20:42:02,518 - WARNING - Retrying (Retry(total=2, connect=None, read=None, redirect=None, status=None)) after connection broken by 'ReadTimeoutError("HTTPConnectionPool(host='localhost', port=11434): Read timed out. (read timeout=15)")': /api/generate
2024-10-20 20:42:12,306 - WARNING - Retrying (Retry(total=2, connect=None, read=None, redirect=None, status=None)) after connection broken by 'ReadTimeoutError("HTTPConnectionPool(host='localhost', port=11434): Read timed out. (read timeout=15)")': /api/generate
2024-10-20 20:42:19,536 - WARNING - Retrying (Retry(total=1, connect=None, read=None, redirect=None, status=None)) after connection broken by 'ReadTimeoutError("HTTPConnectionPool(host='localhost', port=11434): Read timed out. (read timeout=15)")': /api/generate
2024-10-20 20:42:21,082 - WARNING - Retrying (Retry(total=2, connect=None, read=None, redirect=None, status=None)) after connection broken by 'ReadTimeoutError("HTTPConnectionPool(host='localhost', port=11434): Read timed out. (read timeout=15)")': /api/generate
2024-10-20 20:42:29,324 - WARNING - Retrying (Retry(total=1, connect=None, read=None, redirect=None, status=None)) after connection broken by 'ReadTimeoutError("HTTPConnectionPool(host='localhost', port=11434): Read timed out. (read timeout=15)")': /api/generate
2024-10-20 20:43:22,266 - WARNING - Retrying (Retry(total=2, connect=None, read=None, redirect=None, status=None)) after connection broken by 'ReadTimeoutError("HTTPConnectionPool(host='localhost', port=11434): Read timed out. (read timeout=15)")': /api/generate
2024-10-20 20:43:43,470 - WARNING - Retrying (Retry(total=0, connect=None, read=None, redirect=None, status=None)) after connection broken by 'ReadTimeoutError("HTTPConnectionPool(host='localhost', port=11434): Read timed out. (read timeout=15)")': /api/generate
2024-10-20 20:43:43,525 - WARNING - Retrying (Retry(total=0, connect=None, read=None, redirect=None, status=None)) after connection broken by 'ReadTimeoutError("HTTPConnectionPool(host='localhost', port=11434): Read timed out. (read timeout=15)")': /api/generate
2024-10-20 20:43:51,162 - WARNING - Retrying (Retry(total=2, connect=None, read=None, redirect=None, status=None)) after connection broken by 'ReadTimeoutError("HTTPConnectionPool(host='localhost', port=11434): Read timed out. (read timeout=15)")': /api/generate
2024-10-20 20:43:58,542 - ERROR - Model validation error: HTTPConnectionPool(host='localhost', port=11434): Max retries exceeded with url: /api/generate (Caused by ReadTimeoutError("HTTPConnectionPool(host='localhost', port=11434): Read timed out. (read timeout=15)"))
2024-10-20 20:44:25,367 - WARNING - Retrying (Retry(total=2, connect=None, read=None, redirect=None, status=None)) after connection broken by 'ReadTimeoutError("HTTPConnectionPool(host='localhost', port=11434): Read timed out. (read timeout=15)")': /api/generate
2024-10-20 20:44:57,764 - WARNING - Retrying (Retry(total=2, connect=None, read=None, redirect=None, status=None)) after connection broken by 'ReadTimeoutError("HTTPConnectionPool(host='localhost', port=11434): Read timed out. (read timeout=15)")': /api/generate
2024-10-20 20:45:12,500 - WARNING - Retrying (Retry(total=2, connect=None, read=None, redirect=None, status=None)) after connection broken by 'ReadTimeoutError("HTTPConnectionPool(host='localhost', port=11434): Read timed out. (read timeout=15)")': /api/generate
2024-10-20 20:45:14,781 - WARNING - Retrying (Retry(total=1, connect=None, read=None, redirect=None, status=None)) after connection broken by 'ReadTimeoutError("HTTPConnectionPool(host='localhost', port=11434): Read timed out. (read timeout=15)")': /api/generate
2024-10-20 20:45:21,441 - WARNING - Retrying (Retry(total=2, connect=None, read=None, redirect=None, status=None)) after connection broken by 'ReadTimeoutError("HTTPConnectionPool(host='localhost', port=11434): Read timed out. (read timeout=15)")': /api/generate
2024-10-20 20:45:29,518 - WARNING - Retrying (Retry(total=1, connect=None, read=None, redirect=None, status=None)) after connection broken by 'ReadTimeoutError("HTTPConnectionPool(host='localhost', port=11434): Read timed out. (read timeout=15)")': /api/generate
2024-10-20 20:45:33,801 - WARNING - Retrying (Retry(total=0, connect=None, read=None, redirect=None, status=None)) after connection broken by 'ReadTimeoutError("HTTPConnectionPool(host='localhost', port=11434): Read timed out. (read timeout=15)")': /api/generate
2024-10-20 20:46:04,824 - WARNING - Retrying (Retry(total=2, connect=None, read=None, redirect=None, status=None)) after connection broken by 'ReadTimeoutError("HTTPConnectionPool(host='localhost', port=11434): Read timed out. (read timeout=15)")': /api/generate
2024-10-20 20:46:07,963 - WARNING - Retrying (Retry(total=1, connect=None, read=None, redirect=None, status=None)) after connection broken by 'RemoteDisconnected('Remote end closed connection without response')': /api/generate
2024-10-20 20:46:11,969 - WARNING - Retrying (Retry(total=0, connect=None, read=None, redirect=None, status=None)) after connection broken by 'NewConnectionError('<urllib3.connection.HTTPConnection object at 0x79ca73f35d20>: Failed to establish a new connection: [Errno 111] Connection refused')': /api/generate
2024-10-20 20:46:11,972 - ERROR - Model validation error: HTTPConnectionPool(host='localhost', port=11434): Max retries exceeded with url: /api/generate (Caused by NewConnectionError('<urllib3.connection.HTTPConnection object at 0x79ca73f65c90>: Failed to establish a new connection: [Errno 111] Connection refused'))
2024-10-20 20:46:27,198 - WARNING - Retrying (Retry(total=2, connect=None, read=None, redirect=None, status=None)) after connection broken by 'NewConnectionError('<urllib3.connection.HTTPConnection object at 0x7f5d56165f00>: Failed to establish a new connection: [Errno 111] Connection refused')': /api/tags
2024-10-20 20:46:29,201 - WARNING - Retrying (Retry(total=1, connect=None, read=None, redirect=None, status=None)) after connection broken by 'NewConnectionError('<urllib3.connection.HTTPConnection object at 0x7f5d56166110>: Failed to establish a new connection: [Errno 111] Connection refused')': /api/tags
2024-10-20 20:46:33,208 - WARNING - Retrying (Retry(total=0, connect=None, read=None, redirect=None, status=None)) after connection broken by 'NewConnectionError('<urllib3.connection.HTTPConnection object at 0x7f5d56166980>: Failed to establish a new connection: [Errno 111] Connection refused')': /api/tags
2024-10-20 20:46:33,212 - ERROR - Service status check failed: HTTPConnectionPool(host='localhost', port=11434): Max retries exceeded with url: /api/tags (Caused by NewConnectionError('<urllib3.connection.HTTPConnection object at 0x7f5d561668c0>: Failed to establish a new connection: [Errno 111] Connection refused'))
2024-10-20 20:46:33,217 - WARNING - Retrying (Retry(total=2, connect=None, read=None, redirect=None, status=None)) after connection broken by 'NewConnectionError('<urllib3.connection.HTTPConnection object at 0x7f5d56167010>: Failed to establish a new connection: [Errno 111] Connection refused')': /api/generate
2024-10-20 20:46:35,221 - WARNING - Retrying (Retry(total=1, connect=None, read=None, redirect=None, status=None)) after connection broken by 'NewConnectionError('<urllib3.connection.HTTPConnection object at 0x7f5d56166dd0>: Failed to establish a new connection: [Errno 111] Connection refused')': /api/generate
2024-10-20 20:46:39,228 - WARNING - Retrying (Retry(total=0, connect=None, read=None, redirect=None, status=None)) after connection broken by 'NewConnectionError('<urllib3.connection.HTTPConnection object at 0x7f5d561670d0>: Failed to establish a new connection: [Errno 111] Connection refused')': /api/generate
2024-10-20 20:46:39,231 - ERROR - Model validation error: HTTPConnectionPool(host='localhost', port=11434): Max retries exceeded with url: /api/generate (Caused by NewConnectionError('<urllib3.connection.HTTPConnection object at 0x7f5d56167250>: Failed to establish a new connection: [Errno 111] Connection refused'))
2024-10-20 20:49:36,679 - WARNING - Retrying (Retry(total=2, connect=None, read=None, redirect=None, status=None)) after connection broken by 'NewConnectionError('<urllib3.connection.HTTPConnection object at 0x7f5d551c87f0>: Failed to establish a new connection: [Errno 111] Connection refused')': /api/tags
2024-10-20 20:49:38,682 - WARNING - Retrying (Retry(total=1, connect=None, read=None, redirect=None, status=None)) after connection broken by 'NewConnectionError('<urllib3.connection.HTTPConnection object at 0x7f5d56167760>: Failed to establish a new connection: [Errno 111] Connection refused')': /api/tags
2024-10-20 20:49:42,687 - WARNING - Retrying (Retry(total=0, connect=None, read=None, redirect=None, status=None)) after connection broken by 'NewConnectionError('<urllib3.connection.HTTPConnection object at 0x7f5d551c8880>: Failed to establish a new connection: [Errno 111] Connection refused')': /api/tags
2024-10-20 20:49:42,692 - ERROR - Service status check failed: HTTPConnectionPool(host='localhost', port=11434): Max retries exceeded with url: /api/tags (Caused by NewConnectionError('<urllib3.connection.HTTPConnection object at 0x7f5d551c8a90>: Failed to establish a new connection: [Errno 111] Connection refused'))
2024-10-20 20:49:42,699 - WARNING - Retrying (Retry(total=2, connect=None, read=None, redirect=None, status=None)) after connection broken by 'NewConnectionError('<urllib3.connection.HTTPConnection object at 0x7f5d551c8ee0>: Failed to establish a new connection: [Errno 111] Connection refused')': /api/generate
2024-10-20 20:49:44,702 - WARNING - Retrying (Retry(total=1, connect=None, read=None, redirect=None, status=None)) after connection broken by 'NewConnectionError('<urllib3.connection.HTTPConnection object at 0x7f5d551c90f0>: Failed to establish a new connection: [Errno 111] Connection refused')': /api/generate
2024-10-20 20:49:48,707 - WARNING - Retrying (Retry(total=0, connect=None, read=None, redirect=None, status=None)) after connection broken by 'NewConnectionError('<urllib3.connection.HTTPConnection object at 0x7f5d551c92a0>: Failed to establish a new connection: [Errno 111] Connection refused')': /api/generate
2024-10-20 20:49:48,708 - ERROR - Model validation error: HTTPConnectionPool(host='localhost', port=11434): Max retries exceeded with url: /api/generate (Caused by NewConnectionError('<urllib3.connection.HTTPConnection object at 0x7f5d551c8fa0>: Failed to establish a new connection: [Errno 111] Connection refused'))
2024-10-20 20:50:15,365 - WARNING - Retrying (Retry(total=2, connect=None, read=None, redirect=None, status=None)) after connection broken by 'NewConnectionError('<urllib3.connection.HTTPConnection object at 0x7f5d56165cc0>: Failed to establish a new connection: [Errno 111] Connection refused')': /api/tags
2024-10-20 20:50:17,370 - WARNING - Retrying (Retry(total=1, connect=None, read=None, redirect=None, status=None)) after connection broken by 'NewConnectionError('<urllib3.connection.HTTPConnection object at 0x7f5d561657b0>: Failed to establish a new connection: [Errno 111] Connection refused')': /api/tags
2024-10-20 20:50:21,374 - WARNING - Retrying (Retry(total=0, connect=None, read=None, redirect=None, status=None)) after connection broken by 'NewConnectionError('<urllib3.connection.HTTPConnection object at 0x7f5d57ee59f0>: Failed to establish a new connection: [Errno 111] Connection refused')': /api/tags
2024-10-20 20:50:21,377 - ERROR - Service status check failed: HTTPConnectionPool(host='localhost', port=11434): Max retries exceeded with url: /api/tags (Caused by NewConnectionError('<urllib3.connection.HTTPConnection object at 0x7f5d57ee5b70>: Failed to establish a new connection: [Errno 111] Connection refused'))
2024-10-20 20:50:21,381 - WARNING - Retrying (Retry(total=2, connect=None, read=None, redirect=None, status=None)) after connection broken by 'NewConnectionError('<urllib3.connection.HTTPConnection object at 0x7f5d551ca680>: Failed to establish a new connection: [Errno 111] Connection refused')': /api/generate
2024-10-20 20:50:23,386 - WARNING - Retrying (Retry(total=1, connect=None, read=None, redirect=None, status=None)) after connection broken by 'NewConnectionError('<urllib3.connection.HTTPConnection object at 0x7f5d551c8b80>: Failed to establish a new connection: [Errno 111] Connection refused')': /api/generate
2024-10-20 20:50:27,391 - WARNING - Retrying (Retry(total=0, connect=None, read=None, redirect=None, status=None)) after connection broken by 'NewConnectionError('<urllib3.connection.HTTPConnection object at 0x7f5d57ee5a80>: Failed to establish a new connection: [Errno 111] Connection refused')': /api/generate
2024-10-20 20:50:27,392 - ERROR - Model validation error: HTTPConnectionPool(host='localhost', port=11434): Max retries exceeded with url: /api/generate (Caused by NewConnectionError('<urllib3.connection.HTTPConnection object at 0x7f5d56165bd0>: Failed to establish a new connection: [Errno 111] Connection refused'))
2024-10-20 20:50:56,302 - WARNING - Retrying (Retry(total=2, connect=None, read=None, redirect=None, status=None)) after connection broken by 'ReadTimeoutError("HTTPConnectionPool(host='localhost', port=11434): Read timed out. (read timeout=15)")': /api/generate
2024-10-20 20:51:13,321 - WARNING - Retrying (Retry(total=1, connect=None, read=None, redirect=None, status=None)) after connection broken by 'ReadTimeoutError("HTTPConnectionPool(host='localhost', port=11434): Read timed out. (read timeout=15)")': /api/generate
2024-10-20 20:51:32,340 - WARNING - Retrying (Retry(total=0, connect=None, read=None, redirect=None, status=None)) after connection broken by 'ReadTimeoutError("HTTPConnectionPool(host='localhost', port=11434): Read timed out. (read timeout=15)")': /api/generate
2024-10-20 20:51:47,357 - ERROR - Model validation error: HTTPConnectionPool(host='localhost', port=11434): Max retries exceeded with url: /api/generate (Caused by ReadTimeoutError("HTTPConnectionPool(host='localhost', port=11434): Read timed out. (read timeout=15)"))
2024-10-20 20:52:29,480 - WARNING - Retrying (Retry(total=2, connect=None, read=None, redirect=None, status=None)) after connection broken by 'ReadTimeoutError("HTTPConnectionPool(host='localhost', port=11434): Read timed out. (read timeout=15)")': /api/generate
2024-10-20 20:52:46,497 - WARNING - Retrying (Retry(total=1, connect=None, read=None, redirect=None, status=None)) after connection broken by 'ReadTimeoutError("HTTPConnectionPool(host='localhost', port=11434): Read timed out. (read timeout=15)")': /api/generate
2024-10-20 20:53:05,517 - WARNING - Retrying (Retry(total=0, connect=None, read=None, redirect=None, status=None)) after connection broken by 'ReadTimeoutError("HTTPConnectionPool(host='localhost', port=11434): Read timed out. (read timeout=15)")': /api/generate
2024-10-20 20:53:21,087 - ERROR - Model validation error: HTTPConnectionPool(host='localhost', port=11434): Max retries exceeded with url: /api/generate (Caused by ReadTimeoutError("HTTPConnectionPool(host='localhost', port=11434): Read timed out. (read timeout=15)"))
2024-10-20 20:53:36,116 - WARNING - Retrying (Retry(total=2, connect=None, read=None, redirect=None, status=None)) after connection broken by 'ReadTimeoutError("HTTPConnectionPool(host='localhost', port=11434): Read timed out. (read timeout=15)")': /api/generate
2024-10-20 20:53:53,134 - WARNING - Retrying (Retry(total=1, connect=None, read=None, redirect=None, status=None)) after connection broken by 'ReadTimeoutError("HTTPConnectionPool(host='localhost', port=11434): Read timed out. (read timeout=15)")': /api/generate
2024-10-20 20:54:12,154 - WARNING - Retrying (Retry(total=0, connect=None, read=None, redirect=None, status=None)) after connection broken by 'ReadTimeoutError("HTTPConnectionPool(host='localhost', port=11434): Read timed out. (read timeout=15)")': /api/generate
2024-10-20 20:54:31,343 - INFO - Response time: 70.25s
2024-10-20 20:54:55,288 - WARNING - Retrying (Retry(total=2, connect=None, read=None, redirect=None, status=None)) after connection broken by 'ReadTimeoutError("HTTPConnectionPool(host='localhost', port=11434): Read timed out. (read timeout=15)")': /api/generate
2024-10-20 20:55:12,306 - WARNING - Retrying (Retry(total=1, connect=None, read=None, redirect=None, status=None)) after connection broken by 'ReadTimeoutError("HTTPConnectionPool(host='localhost', port=11434): Read timed out. (read timeout=15)")': /api/generate
2024-10-20 20:55:31,326 - WARNING - Retrying (Retry(total=0, connect=None, read=None, redirect=None, status=None)) after connection broken by 'ReadTimeoutError("HTTPConnectionPool(host='localhost', port=11434): Read timed out. (read timeout=15)")': /api/generate
2024-10-20 20:55:46,342 - ERROR - Model validation error: HTTPConnectionPool(host='localhost', port=11434): Max retries exceeded with url: /api/generate (Caused by ReadTimeoutError("HTTPConnectionPool(host='localhost', port=11434): Read timed out. (read timeout=15)"))
2024-10-20 20:56:01,375 - WARNING - Retrying (Retry(total=2, connect=None, read=None, redirect=None, status=None)) after connection broken by 'ReadTimeoutError("HTTPConnectionPool(host='localhost', port=11434): Read timed out. (read timeout=15)")': /api/generate
2024-10-20 20:56:18,393 - WARNING - Retrying (Retry(total=1, connect=None, read=None, redirect=None, status=None)) after connection broken by 'ReadTimeoutError("HTTPConnectionPool(host='localhost', port=11434): Read timed out. (read timeout=15)")': /api/generate
2024-10-20 20:56:37,413 - WARNING - Retrying (Retry(total=0, connect=None, read=None, redirect=None, status=None)) after connection broken by 'ReadTimeoutError("HTTPConnectionPool(host='localhost', port=11434): Read timed out. (read timeout=15)")': /api/generate
2024-10-20 20:56:52,429 - ERROR - Model validation error: HTTPConnectionPool(host='localhost', port=11434): Max retries exceeded with url: /api/generate (Caused by ReadTimeoutError("HTTPConnectionPool(host='localhost', port=11434): Read timed out. (read timeout=15)"))
2024-10-20 20:56:52,429 - ERROR - Model validation failed: Model validation error: HTTPConnectionPool(host='localhost', port=11434): Max retries exceeded with url: /api/generate (Caused by ReadTimeoutError("HTTPConnectionPool(host='localhost', port=11434): Read timed out. (read timeout=15)"))
2024-10-20 20:57:27,354 - WARNING - Retrying (Retry(total=2, connect=None, read=None, redirect=None, status=None)) after connection broken by 'ReadTimeoutError("HTTPConnectionPool(host='localhost', port=11434): Read timed out. (read timeout=15)")': /api/generate
2024-10-20 20:57:47,612 - INFO - Response time: 35.28s
2024-10-20 20:58:17,015 - WARNING - Retrying (Retry(total=2, connect=None, read=None, redirect=None, status=None)) after connection broken by 'ReadTimeoutError("HTTPConnectionPool(host='localhost', port=11434): Read timed out. (read timeout=15)")': /api/generate
2024-10-20 20:58:34,033 - WARNING - Retrying (Retry(total=1, connect=None, read=None, redirect=None, status=None)) after connection broken by 'ReadTimeoutError("HTTPConnectionPool(host='localhost', port=11434): Read timed out. (read timeout=15)")': /api/generate
2024-10-20 20:58:53,053 - WARNING - Retrying (Retry(total=0, connect=None, read=None, redirect=None, status=None)) after connection broken by 'ReadTimeoutError("HTTPConnectionPool(host='localhost', port=11434): Read timed out. (read timeout=15)")': /api/generate
2024-10-20 20:59:08,069 - ERROR - Model validation error: HTTPConnectionPool(host='localhost', port=11434): Max retries exceeded with url: /api/generate (Caused by ReadTimeoutError("HTTPConnectionPool(host='localhost', port=11434): Read timed out. (read timeout=15)"))
2024-10-20 20:59:23,099 - WARNING - Retrying (Retry(total=2, connect=None, read=None, redirect=None, status=None)) after connection broken by 'ReadTimeoutError("HTTPConnectionPool(host='localhost', port=11434): Read timed out. (read timeout=15)")': /api/generate
2024-10-20 20:59:40,117 - WARNING - Retrying (Retry(total=1, connect=None, read=None, redirect=None, status=None)) after connection broken by 'ReadTimeoutError("HTTPConnectionPool(host='localhost', port=11434): Read timed out. (read timeout=15)")': /api/generate
2024-10-20 20:59:59,138 - WARNING - Retrying (Retry(total=0, connect=None, read=None, redirect=None, status=None)) after connection broken by 'ReadTimeoutError("HTTPConnectionPool(host='localhost', port=11434): Read timed out. (read timeout=15)")': /api/generate
2024-10-20 21:00:14,155 - ERROR - Model validation error: HTTPConnectionPool(host='localhost', port=11434): Max retries exceeded with url: /api/generate (Caused by ReadTimeoutError("HTTPConnectionPool(host='localhost', port=11434): Read timed out. (read timeout=15)"))
2024-10-20 21:00:14,156 - ERROR - Model validation failed: Model validation error: HTTPConnectionPool(host='localhost', port=11434): Max retries exceeded with url: /api/generate (Caused by ReadTimeoutError("HTTPConnectionPool(host='localhost', port=11434): Read timed out. (read timeout=15)"))
2024-10-20 21:00:49,389 - WARNING - Retrying (Retry(total=2, connect=None, read=None, redirect=None, status=None)) after connection broken by 'ReadTimeoutError("HTTPConnectionPool(host='localhost', port=11434): Read timed out. (read timeout=15)")': /api/generate
2024-10-20 21:01:06,408 - WARNING - Retrying (Retry(total=1, connect=None, read=None, redirect=None, status=None)) after connection broken by 'ReadTimeoutError("HTTPConnectionPool(host='localhost', port=11434): Read timed out. (read timeout=15)")': /api/generate
2024-10-20 21:01:38,855 - INFO - Response time: 64.48s
2024-10-20 21:02:25,051 - WARNING - Retrying (Retry(total=2, connect=None, read=None, redirect=None, status=None)) after connection broken by 'ReadTimeoutError("HTTPConnectionPool(host='localhost', port=11434): Read timed out. (read timeout=15)")': /api/generate
2024-10-20 21:02:42,070 - WARNING - Retrying (Retry(total=1, connect=None, read=None, redirect=None, status=None)) after connection broken by 'ReadTimeoutError("HTTPConnectionPool(host='localhost', port=11434): Read timed out. (read timeout=15)")': /api/generate
2024-10-20 21:02:49,464 - WARNING - Retrying (Retry(total=2, connect=None, read=None, redirect=None, status=None)) after connection broken by 'ReadTimeoutError("HTTPConnectionPool(host='localhost', port=11434): Read timed out. (read timeout=15)")': /api/generate
2024-10-20 21:03:01,091 - WARNING - Retrying (Retry(total=0, connect=None, read=None, redirect=None, status=None)) after connection broken by 'ReadTimeoutError("HTTPConnectionPool(host='localhost', port=11434): Read timed out. (read timeout=15)")': /api/generate
2024-10-20 21:03:16,108 - ERROR - Model validation error: HTTPConnectionPool(host='localhost', port=11434): Max retries exceeded with url: /api/generate (Caused by ReadTimeoutError("HTTPConnectionPool(host='localhost', port=11434): Read timed out. (read timeout=15)"))
